Using pre-set license
Built from '2020.2/staging' branch; Version is '2020.2.5f1 (e2c53f129de5) revision 14861631'; Using compiler version '192528614'; Build Type 'Release'
OS: 'Windows 10 Pro; OS build 19041.985; Version 2004; 64bit' Language: 'en' Physical Memory: 16334 MB
BatchMode: 1, IsHumanControllingUs: 0, StartBugReporterOnCrash: 0, Is64bit: 1, IsPro: 0

 COMMAND LINE ARGUMENTS:
C:\Users\Sten\3D Objects\Unity projects\2020.2.5f1\Editor\Unity.exe
-adb2
-batchMode
-noUpm
-name
AssetImportWorker0
-projectPath
C:/Users/Sten/Documents/GitHub/Moonlight
-logFile
Logs/AssetImportWorker0.log
-srvPort
58383
Successfully changed project path to: C:/Users/Sten/Documents/GitHub/Moonlight
C:/Users/Sten/Documents/GitHub/Moonlight
Using Asset Import Pipeline V2.
Refreshing native plugins compatible for Editor in 21.95 ms, found 0 plugins.
Preloading 0 native plugins for Editor in 0.00 ms.
Initialize engine version: 2020.2.5f1 (e2c53f129de5)
[Subsystems] Discovering subsystems at path C:/Users/Sten/3D Objects/Unity projects/2020.2.5f1/Editor/Data/Resources/UnitySubsystems
[Subsystems] Discovering subsystems at path C:/Users/Sten/Documents/GitHub/Moonlight/Assets
GfxDevice: creating device client; threaded=0
Direct3D:
    Version:  Direct3D 11.0 [level 11.1]
    Renderer: NVIDIA GeForce GTX 970 (ID=0x13c2)
    Vendor:   
    VRAM:     4043 MB
    Driver:   30.0.14.7168
Initialize mono
Mono path[0] = 'C:/Users/Sten/3D Objects/Unity projects/2020.2.5f1/Editor/Data/Managed'
Mono path[1] = 'C:/Users/Sten/3D Objects/Unity projects/2020.2.5f1/Editor/Data/MonoBleedingEdge/lib/mono/unityjit'
Mono config path = 'C:/Users/Sten/3D Objects/Unity projects/2020.2.5f1/Editor/Data/MonoBleedingEdge/etc'
Using monoOptions --debugger-agent=transport=dt_socket,embedding=1,server=y,suspend=n,address=127.0.0.1:56048
Begin MonoManager ReloadAssembly
Registering precompiled unity dll's ...
Register platform support module: C:/Users/Sten/3D Objects/Unity projects/2020.2.5f1/Editor/Data/PlaybackEngines/WebGLSupport/UnityEditor.WebGL.Extensions.dll
Register platform support module: C:/Users/Sten/3D Objects/Unity projects/2020.2.5f1/Editor/Data/PlaybackEngines/MacStandaloneSupport/UnityEditor.OSXStandalone.Extensions.dll
Register platform support module: C:/Users/Sten/3D Objects/Unity projects/2020.2.5f1/Editor/Data/PlaybackEngines/WindowsStandaloneSupport/UnityEditor.WindowsStandalone.Extensions.dll
Registered in 0.002327 seconds.
Native extension for WindowsStandalone target not found
Native extension for OSXStandalone target not found
Native extension for WebGL target not found
Refreshing native plugins compatible for Editor in 21.92 ms, found 0 plugins.
Preloading 0 native plugins for Editor in 0.00 ms.
Invoked RoslynAnalysisRunner static constructor.
RoslynAnalysisRunner will not be running.
RoslynAnalysisRunner has terminated.
Mono: successfully reloaded assembly
- Completed reload, in  1.498 seconds
Platform modules already initialized, skipping
Registering precompiled user dll's ...
Registered in 0.000488 seconds.
Begin MonoManager ReloadAssembly
Native extension for WindowsStandalone target not found
Native extension for OSXStandalone target not found
Native extension for WebGL target not found
Refreshing native plugins compatible for Editor in 0.27 ms, found 0 plugins.
Preloading 0 native plugins for Editor in 0.00 ms.
Invoked RoslynAnalysisRunner static constructor.
RoslynAnalysisRunner will not be running.
RoslynAnalysisRunner has terminated.
Mono: successfully reloaded assembly
- Completed reload, in  0.666 seconds
Platform modules already initialized, skipping
========================================================================
Worker process is ready to serve import requests
Launched and connected shader compiler UnityShaderCompiler.exe after 0.04 seconds
Refreshing native plugins compatible for Editor in 0.24 ms, found 0 plugins.
Preloading 0 native plugins for Editor in 0.00 ms.
Unloading 1210 Unused Serialized files (Serialized files now loaded: 0)
System memory in use before: 73.1 MB.
System memory in use after: 73.1 MB.

Unloading 10 unused Assets to reduce memory usage. Loaded Objects now: 1666.
Total: 1.558500 ms (FindLiveObjects: 0.160100 ms CreateObjectMapping: 0.026900 ms MarkObjects: 1.280400 ms  DeleteObjects: 0.090200 ms)

========================================================================
Received Import Request.
  path: Assets/Scenes/IGN/Test Scene.unity
  artifactKey: Guid(9fc0d4010bbf28b4594072e72b8655ab) Importer(815301076,1909f56bfc062723c751e8b465ee728b)
Start importing Assets/Scenes/IGN/Test Scene.unity using Guid(9fc0d4010bbf28b4594072e72b8655ab) Importer(815301076,1909f56bfc062723c751e8b465ee728b)  -> (artifact id: 'f386c063f975432de580e9880ae1a65d') in 0.014878 seconds
  Import took 0.016782 seconds .

========================================================================
Received Prepare
Registering precompiled user dll's ...
Registered in 0.000623 seconds.
Begin MonoManager ReloadAssembly
Native extension for WindowsStandalone target not found
Native extension for OSXStandalone target not found
Native extension for WebGL target not found
Refreshing native plugins compatible for Editor in 0.23 ms, found 0 plugins.
Preloading 0 native plugins for Editor in 0.00 ms.
Invoked RoslynAnalysisRunner static constructor.
RoslynAnalysisRunner will not be running.
RoslynAnalysisRunner has terminated.
Mono: successfully reloaded assembly
- Completed reload, in  0.615 seconds
Platform modules already initialized, skipping
Refreshing native plugins compatible for Editor in 0.23 ms, found 0 plugins.
Preloading 0 native plugins for Editor in 0.00 ms.
Unloading 1190 Unused Serialized files (Serialized files now loaded: 0)
System memory in use before: 71.8 MB.
System memory in use after: 71.9 MB.

Unloading 5 unused Assets to reduce memory usage. Loaded Objects now: 1668.
Total: 1.609900 ms (FindLiveObjects: 0.186500 ms CreateObjectMapping: 0.028200 ms MarkObjects: 1.323900 ms  DeleteObjects: 0.070100 ms)

========================================================================
Received Import Request.
  Time since last request: 657.459651 seconds.
  path: Assets/Materials/ce5a84ca1e85624c992f99131a459424.jpg
  artifactKey: Guid(3ee700e91c10532409f91895778cc22f) Importer(815301076,1909f56bfc062723c751e8b465ee728b)
Start importing Assets/Materials/ce5a84ca1e85624c992f99131a459424.jpg using Guid(3ee700e91c10532409f91895778cc22f) Importer(815301076,1909f56bfc062723c751e8b465ee728b)  -> (artifact id: 'b682da6c96c94e1a42fa04b0071060ea') in 0.096931 seconds
  Import took 0.098934 seconds .

========================================================================
Received Import Request.
  Time since last request: 12.563412 seconds.
  path: Assets/PlaceHolders
  artifactKey: Guid(a3592eab7c4bffe45adbd120cff92356) Importer(815301076,1909f56bfc062723c751e8b465ee728b)
Start importing Assets/PlaceHolders using Guid(a3592eab7c4bffe45adbd120cff92356) Importer(815301076,1909f56bfc062723c751e8b465ee728b)  -> (artifact id: '9def4e9c1185f2e59a8c8c397b544d36') in 0.007891 seconds
  Import took 0.009998 seconds .

========================================================================
Received Import Request.
  Time since last request: 8.821167 seconds.
  path: Assets/PlaceHolders/Wallpapers.jpg
  artifactKey: Guid(3ee700e91c10532409f91895778cc22f) Importer(815301076,1909f56bfc062723c751e8b465ee728b)
Start importing Assets/PlaceHolders/Wallpapers.jpg using Guid(3ee700e91c10532409f91895778cc22f) Importer(815301076,1909f56bfc062723c751e8b465ee728b)  -> (artifact id: '06afb24e1c8b83be2b6798b6efb94a72') in 0.011874 seconds
  Import took 0.013755 seconds .

========================================================================
Received Import Request.
  Time since last request: 6.610536 seconds.
  path: Assets/PlaceHolders/MenuWallpaper.jpg
  artifactKey: Guid(3ee700e91c10532409f91895778cc22f) Importer(815301076,1909f56bfc062723c751e8b465ee728b)
Start importing Assets/PlaceHolders/MenuWallpaper.jpg using Guid(3ee700e91c10532409f91895778cc22f) Importer(815301076,1909f56bfc062723c751e8b465ee728b)  -> (artifact id: '25bcfe9f580ca24281226b5348d96734') in 0.011874 seconds
  Import took 0.014001 seconds .

========================================================================
Received Import Request.
  Time since last request: 30.171787 seconds.
  path: Assets/Materials/Textures/Metal/430f0bd09ee182c6dbcc746836a65836--rough-texture-steel-texture.jpg
  artifactKey: Guid(90dd970fb5dc3424984f7bc8e4b6b321) Importer(815301076,1909f56bfc062723c751e8b465ee728b)
Start importing Assets/Materials/Textures/Metal/430f0bd09ee182c6dbcc746836a65836--rough-texture-steel-texture.jpg using Guid(90dd970fb5dc3424984f7bc8e4b6b321) Importer(815301076,1909f56bfc062723c751e8b465ee728b)  -> (artifact id: '35741af4bc72efd5d5d2a57b68db76a7') in 0.014137 seconds
  Import took 0.016136 seconds .

========================================================================
Received Import Request.
  Time since last request: 0.000157 seconds.
  path: Assets/Materials/Textures/snow/5342742045_fdd9f9a91e_b.jpg
  artifactKey: Guid(b03bfd364d583ce4cbba9c2d9279bbee) Importer(815301076,1909f56bfc062723c751e8b465ee728b)
Start importing Assets/Materials/Textures/snow/5342742045_fdd9f9a91e_b.jpg using Guid(b03bfd364d583ce4cbba9c2d9279bbee) Importer(815301076,1909f56bfc062723c751e8b465ee728b)  -> (artifact id: '1cf0b88d100f8ad21be426eac070c53b') in 0.013564 seconds
  Import took 0.015148 seconds .

========================================================================
Received Import Request.
  Time since last request: 0.000130 seconds.
  path: Assets/Materials/Textures/snow/clay_snow1.jpg
  artifactKey: Guid(bc84072ccb698e9488cf1f70f4775e6c) Importer(815301076,1909f56bfc062723c751e8b465ee728b)
Start importing Assets/Materials/Textures/snow/clay_snow1.jpg using Guid(bc84072ccb698e9488cf1f70f4775e6c) Importer(815301076,1909f56bfc062723c751e8b465ee728b)  -> (artifact id: '0837b156e53b85b7bbe3cdab25261ddb') in 0.015267 seconds
  Import took 0.016881 seconds .

========================================================================
Received Import Request.
  Time since last request: 0.000135 seconds.
  path: Assets/Materials/Textures/Rock/ladda ned (6).jpg
  artifactKey: Guid(729d1f57d2666a0479ef55208c8feed8) Importer(815301076,1909f56bfc062723c751e8b465ee728b)
Start importing Assets/Materials/Textures/Rock/ladda ned (6).jpg using Guid(729d1f57d2666a0479ef55208c8feed8) Importer(815301076,1909f56bfc062723c751e8b465ee728b)  -> (artifact id: '78c92996ec7212fe01c4baac5b0b617e') in 0.012673 seconds
  Import took 0.014240 seconds .

========================================================================
Received Import Request.
  Time since last request: 0.000147 seconds.
  path: Assets/Materials/Textures/snow/Snow0163_2_270.jpg
  artifactKey: Guid(7e9feb8f991a05d47aa137ecf25914fa) Importer(815301076,1909f56bfc062723c751e8b465ee728b)
Start importing Assets/Materials/Textures/snow/Snow0163_2_270.jpg using Guid(7e9feb8f991a05d47aa137ecf25914fa) Importer(815301076,1909f56bfc062723c751e8b465ee728b)  -> (artifact id: '43d2a788ae1968012995d1f6c37a0c7a') in 0.013688 seconds
  Import took 0.015506 seconds .

========================================================================
Received Import Request.
  Time since last request: 0.000136 seconds.
  path: Assets/Materials/Textures/snow/ladda ned (4).jpg
  artifactKey: Guid(d5d991efbd65009449e7c1636a65b15e) Importer(815301076,1909f56bfc062723c751e8b465ee728b)
Start importing Assets/Materials/Textures/snow/ladda ned (4).jpg using Guid(d5d991efbd65009449e7c1636a65b15e) Importer(815301076,1909f56bfc062723c751e8b465ee728b)  -> (artifact id: '35cfeeae15f09cf3c1ff8b17e74e0c3f') in 0.014263 seconds
  Import took 0.015950 seconds .

========================================================================
Received Import Request.
  Time since last request: 0.000183 seconds.
  path: Assets/Materials/Textures/snow/Powder Snow.jpg
  artifactKey: Guid(71e16334e22a52e459a46aa6ebfe82f1) Importer(815301076,1909f56bfc062723c751e8b465ee728b)
Start importing Assets/Materials/Textures/snow/Powder Snow.jpg using Guid(71e16334e22a52e459a46aa6ebfe82f1) Importer(815301076,1909f56bfc062723c751e8b465ee728b)  -> (artifact id: 'd8703177c6245ff4299b28724b59bd15') in 0.014848 seconds
  Import took 0.016771 seconds .

========================================================================
Received Import Request.
  Time since last request: 0.000162 seconds.
  path: Assets/Materials/Textures/Rock/ladda ned (5).jpg
  artifactKey: Guid(d0e27cf43b321fe4c93a7d1d802792e3) Importer(815301076,1909f56bfc062723c751e8b465ee728b)
Start importing Assets/Materials/Textures/Rock/ladda ned (5).jpg using Guid(d0e27cf43b321fe4c93a7d1d802792e3) Importer(815301076,1909f56bfc062723c751e8b465ee728b)  -> (artifact id: 'c61d4fe92e1a3d407fc3b4199db1cb56') in 0.015133 seconds
  Import took 0.016832 seconds .

========================================================================
Received Import Request.
  Time since last request: 0.000140 seconds.
  path: Assets/Materials/Textures/Metal/texture-1188274_960_720.jpg
  artifactKey: Guid(3d6e7beaa74bf154d87f009f6f0b4f3c) Importer(815301076,1909f56bfc062723c751e8b465ee728b)
Start importing Assets/Materials/Textures/Metal/texture-1188274_960_720.jpg using Guid(3d6e7beaa74bf154d87f009f6f0b4f3c) Importer(815301076,1909f56bfc062723c751e8b465ee728b)  -> (artifact id: '59e4b3eca51b46c3555b1ba369bb0021') in 0.014855 seconds
  Import took 0.016732 seconds .

========================================================================
Received Import Request.
  Time since last request: 0.000173 seconds.
  path: Assets/Materials/Textures/snow/Powder Snow.jpg
  artifactKey: Guid(71e16334e22a52e459a46aa6ebfe82f1) Importer(815301076,1909f56bfc062723c751e8b465ee728b)
Start importing Assets/Materials/Textures/snow/Powder Snow.jpg using Guid(71e16334e22a52e459a46aa6ebfe82f1) Importer(815301076,1909f56bfc062723c751e8b465ee728b)  -> (artifact id: 'd8703177c6245ff4299b28724b59bd15') in 0.007959 seconds
  Import took 0.009903 seconds .

========================================================================
Received Import Request.
  Time since last request: 0.000146 seconds.
  path: Assets/Materials/Textures/Metal/rust-1493579_960_720.jpg
  artifactKey: Guid(e04056fc3b7634a43bee9a2a158d24a8) Importer(815301076,1909f56bfc062723c751e8b465ee728b)
Start importing Assets/Materials/Textures/Metal/rust-1493579_960_720.jpg using Guid(e04056fc3b7634a43bee9a2a158d24a8) Importer(815301076,1909f56bfc062723c751e8b465ee728b)  -> (artifact id: '47021f8653f4ff63495ed81fbc575b2f') in 0.015254 seconds
  Import took 0.016862 seconds .

========================================================================
Received Prepare
Registering precompiled user dll's ...
Registered in 0.000625 seconds.
Begin MonoManager ReloadAssembly
Native extension for WindowsStandalone target not found
Native extension for OSXStandalone target not found
Native extension for WebGL target not found
Refreshing native plugins compatible for Editor in 0.25 ms, found 0 plugins.
Preloading 0 native plugins for Editor in 0.00 ms.
Invoked RoslynAnalysisRunner static constructor.
RoslynAnalysisRunner will not be running.
RoslynAnalysisRunner has terminated.
Mono: successfully reloaded assembly
- Completed reload, in  0.627 seconds
Platform modules already initialized, skipping
Refreshing native plugins compatible for Editor in 0.23 ms, found 0 plugins.
Preloading 0 native plugins for Editor in 0.00 ms.
Unloading 1190 Unused Serialized files (Serialized files now loaded: 0)
System memory in use before: 71.9 MB.
System memory in use after: 72.0 MB.

Unloading 5 unused Assets to reduce memory usage. Loaded Objects now: 1674.
Total: 1.493800 ms (FindLiveObjects: 0.183000 ms CreateObjectMapping: 0.025900 ms MarkObjects: 1.223500 ms  DeleteObjects: 0.060300 ms)

========================================================================
Received Import Request.
  Time since last request: 579.610919 seconds.
  path: Assets/Script/Main Menu/MainMenu.cs
  artifactKey: Guid(19061bdbfa0b0024dbed163fbb5e8a2d) Importer(815301076,1909f56bfc062723c751e8b465ee728b)
Start importing Assets/Script/Main Menu/MainMenu.cs using Guid(19061bdbfa0b0024dbed163fbb5e8a2d) Importer(815301076,1909f56bfc062723c751e8b465ee728b)  -> (artifact id: '7fa255ee5dd81c19191b3aac5dea7529') in 0.014594 seconds
  Import took 0.016552 seconds .

========================================================================
Received Import Request.
  Time since last request: 0.001548 seconds.
  path: Assets/Script/Main Menu/MainMenu.cs
  artifactKey: Guid(19061bdbfa0b0024dbed163fbb5e8a2d) Importer(815301076,1909f56bfc062723c751e8b465ee728b)
Start importing Assets/Script/Main Menu/MainMenu.cs using Guid(19061bdbfa0b0024dbed163fbb5e8a2d) Importer(815301076,1909f56bfc062723c751e8b465ee728b)  -> (artifact id: '7fa255ee5dd81c19191b3aac5dea7529') in 0.001663 seconds
  Import took 0.003009 seconds .

========================================================================
Received Import Request.
  Time since last request: 12.100432 seconds.
  path: Assets/TextMesh Pro/Examples & Extras/Resources/Fonts & Materials/Bangers SDF.asset
  artifactKey: Guid(125cb55b44b24c4393181402bc6200e6) Importer(815301076,1909f56bfc062723c751e8b465ee728b)
Start importing Assets/TextMesh Pro/Examples & Extras/Resources/Fonts & Materials/Bangers SDF.asset using Guid(125cb55b44b24c4393181402bc6200e6) Importer(815301076,1909f56bfc062723c751e8b465ee728b)  -> (artifact id: '64cd882c4805ee91bb31d3f14931ff9c') in 0.096689 seconds
  Import took 0.098782 seconds .

========================================================================
Received Prepare
Registering precompiled user dll's ...
Registered in 0.000615 seconds.
Begin MonoManager ReloadAssembly
Native extension for WindowsStandalone target not found
Native extension for OSXStandalone target not found
Native extension for WebGL target not found
Refreshing native plugins compatible for Editor in 0.23 ms, found 0 plugins.
Preloading 0 native plugins for Editor in 0.00 ms.
Invoked RoslynAnalysisRunner static constructor.
RoslynAnalysisRunner will not be running.
RoslynAnalysisRunner has terminated.
Mono: successfully reloaded assembly
- Completed reload, in  0.596 seconds
Platform modules already initialized, skipping
Refreshing native plugins compatible for Editor in 0.23 ms, found 0 plugins.
Preloading 0 native plugins for Editor in 0.00 ms.
Unloading 1190 Unused Serialized files (Serialized files now loaded: 0)
System memory in use before: 75.3 MB.
System memory in use after: 75.4 MB.

Unloading 5 unused Assets to reduce memory usage. Loaded Objects now: 1717.
Total: 1.563900 ms (FindLiveObjects: 0.162200 ms CreateObjectMapping: 0.029900 ms MarkObjects: 1.310900 ms  DeleteObjects: 0.060300 ms)

========================================================================
Received Import Request.
  Time since last request: 68.635389 seconds.
  path: Assets/Scenes/Menu Scenes/MainMenu.unity
  artifactKey: Guid(dae848945961bad4fb9040ff5bdb5a50) Importer(815301076,1909f56bfc062723c751e8b465ee728b)
Start importing Assets/Scenes/Menu Scenes/MainMenu.unity using Guid(dae848945961bad4fb9040ff5bdb5a50) Importer(815301076,1909f56bfc062723c751e8b465ee728b)  -> (artifact id: '1eab24cb9cafc94fd3d36bc87489e80b') in 0.013187 seconds
  Import took 0.015121 seconds .

========================================================================
Received Import Request.
  Time since last request: 36.331660 seconds.
  path: Assets/Scenes/Menu Scenes/Lobby Undone.unity
  artifactKey: Guid(1c6dd51be9ff7ff43a53dbb5c4565e1c) Importer(815301076,1909f56bfc062723c751e8b465ee728b)
Start importing Assets/Scenes/Menu Scenes/Lobby Undone.unity using Guid(1c6dd51be9ff7ff43a53dbb5c4565e1c) Importer(815301076,1909f56bfc062723c751e8b465ee728b)  -> (artifact id: '8fd1861ba6fd84341ba4fa6f1d9dc7db') in 0.004843 seconds
  Import took 0.006731 seconds .

========================================================================
Received Import Request.
  Time since last request: 4.487508 seconds.
  path: Assets/Scenes/Menu Scenes/Loading Undone.unity
  artifactKey: Guid(33daa853194c12343a108e5dbcb7f7f6) Importer(815301076,1909f56bfc062723c751e8b465ee728b)
Start importing Assets/Scenes/Menu Scenes/Loading Undone.unity using Guid(33daa853194c12343a108e5dbcb7f7f6) Importer(815301076,1909f56bfc062723c751e8b465ee728b)  -> (artifact id: '9c8b30aef1db502e66243840f017bc94') in 0.005110 seconds
  Import took 0.007064 seconds .

========================================================================
Received Import Request.
  Time since last request: 5.627984 seconds.
  path: Assets/Scenes/Menu Scenes/Options Undone.unity
  artifactKey: Guid(1b0dee3d7e7fb8e4db00d8839cfc0a61) Importer(815301076,1909f56bfc062723c751e8b465ee728b)
Start importing Assets/Scenes/Menu Scenes/Options Undone.unity using Guid(1b0dee3d7e7fb8e4db00d8839cfc0a61) Importer(815301076,1909f56bfc062723c751e8b465ee728b)  -> (artifact id: 'b115bb8681c4797b1a43bad44636f56d') in 0.005065 seconds
  Import took 0.006881 seconds .

========================================================================
Received Import Request.
  Time since last request: 9.325795 seconds.
  path: Assets/Scenes/Menu Scenes/MainMenu Barely Done.unity
  artifactKey: Guid(dae848945961bad4fb9040ff5bdb5a50) Importer(815301076,1909f56bfc062723c751e8b465ee728b)
Start importing Assets/Scenes/Menu Scenes/MainMenu Barely Done.unity using Guid(dae848945961bad4fb9040ff5bdb5a50) Importer(815301076,1909f56bfc062723c751e8b465ee728b)  -> (artifact id: '6bccb576577d956baaa257da0886cd2a') in 0.006185 seconds
  Import took 0.008412 seconds .

========================================================================
Received Prepare
Registering precompiled user dll's ...
Registered in 0.000656 seconds.
Begin MonoManager ReloadAssembly
Native extension for WindowsStandalone target not found
Native extension for OSXStandalone target not found
Native extension for WebGL target not found
Refreshing native plugins compatible for Editor in 0.24 ms, found 0 plugins.
Preloading 0 native plugins for Editor in 0.00 ms.
Invoked RoslynAnalysisRunner static constructor.
RoslynAnalysisRunner will not be running.
RoslynAnalysisRunner has terminated.
Mono: successfully reloaded assembly
- Completed reload, in  0.597 seconds
Platform modules already initialized, skipping
Refreshing native plugins compatible for Editor in 0.23 ms, found 0 plugins.
Preloading 0 native plugins for Editor in 0.00 ms.
Unloading 1190 Unused Serialized files (Serialized files now loaded: 0)
System memory in use before: 75.4 MB.
System memory in use after: 75.5 MB.

Unloading 5 unused Assets to reduce memory usage. Loaded Objects now: 1719.
Total: 1.426200 ms (FindLiveObjects: 0.151300 ms CreateObjectMapping: 0.028100 ms MarkObjects: 1.198300 ms  DeleteObjects: 0.047800 ms)

========================================================================
Received Prepare
Registering precompiled user dll's ...
Registered in 0.000844 seconds.
Begin MonoManager ReloadAssembly
Native extension for WindowsStandalone target not found
Native extension for OSXStandalone target not found
Native extension for WebGL target not found
Refreshing native plugins compatible for Editor in 0.27 ms, found 0 plugins.
Preloading 0 native plugins for Editor in 0.00 ms.
Invoked RoslynAnalysisRunner static constructor.
RoslynAnalysisRunner will not be running.
RoslynAnalysisRunner has terminated.
Mono: successfully reloaded assembly
- Completed reload, in  0.700 seconds
Platform modules already initialized, skipping
Refreshing native plugins compatible for Editor in 0.26 ms, found 0 plugins.
Preloading 0 native plugins for Editor in 0.00 ms.
Unloading 1190 Unused Serialized files (Serialized files now loaded: 0)
System memory in use before: 75.4 MB.
System memory in use after: 75.5 MB.

Unloading 5 unused Assets to reduce memory usage. Loaded Objects now: 1721.
Total: 1.683600 ms (FindLiveObjects: 0.195800 ms CreateObjectMapping: 0.026900 ms MarkObjects: 1.371900 ms  DeleteObjects: 0.087200 ms)

========================================================================
Received Prepare
Registering precompiled user dll's ...
Registered in 0.000524 seconds.
Begin MonoManager ReloadAssembly
Native extension for WindowsStandalone target not found
Native extension for OSXStandalone target not found
Native extension for WebGL target not found
Refreshing native plugins compatible for Editor in 0.24 ms, found 0 plugins.
Preloading 0 native plugins for Editor in 0.00 ms.
Invoked RoslynAnalysisRunner static constructor.
RoslynAnalysisRunner will not be running.
RoslynAnalysisRunner has terminated.
Mono: successfully reloaded assembly
- Completed reload, in  0.611 seconds
Platform modules already initialized, skipping
Refreshing native plugins compatible for Editor in 0.24 ms, found 0 plugins.
Preloading 0 native plugins for Editor in 0.00 ms.
Unloading 1190 Unused Serialized files (Serialized files now loaded: 0)
System memory in use before: 75.4 MB.
System memory in use after: 75.5 MB.

Unloading 5 unused Assets to reduce memory usage. Loaded Objects now: 1723.
Total: 1.529300 ms (FindLiveObjects: 0.146700 ms CreateObjectMapping: 0.024300 ms MarkObjects: 1.295100 ms  DeleteObjects: 0.062500 ms)

========================================================================
Received Prepare
Registering precompiled user dll's ...
Registered in 0.000568 seconds.
Begin MonoManager ReloadAssembly
Native extension for WindowsStandalone target not found
Native extension for OSXStandalone target not found
Native extension for WebGL target not found
Refreshing native plugins compatible for Editor in 0.25 ms, found 0 plugins.
Preloading 0 native plugins for Editor in 0.00 ms.
Invoked RoslynAnalysisRunner static constructor.
RoslynAnalysisRunner will not be running.
RoslynAnalysisRunner has terminated.
Mono: successfully reloaded assembly
- Completed reload, in  0.610 seconds
Platform modules already initialized, skipping
Refreshing native plugins compatible for Editor in 0.23 ms, found 0 plugins.
Preloading 0 native plugins for Editor in 0.00 ms.
Unloading 1190 Unused Serialized files (Serialized files now loaded: 0)
System memory in use before: 75.4 MB.
System memory in use after: 75.5 MB.

Unloading 5 unused Assets to reduce memory usage. Loaded Objects now: 1725.
Total: 1.652300 ms (FindLiveObjects: 0.236200 ms CreateObjectMapping: 0.044700 ms MarkObjects: 1.308600 ms  DeleteObjects: 0.062000 ms)

========================================================================
Received Prepare
Registering precompiled user dll's ...
Registered in 0.000874 seconds.
Begin MonoManager ReloadAssembly
Native extension for WindowsStandalone target not found
Native extension for OSXStandalone target not found
Native extension for WebGL target not found
Refreshing native plugins compatible for Editor in 0.23 ms, found 0 plugins.
Preloading 0 native plugins for Editor in 0.00 ms.
Invoked RoslynAnalysisRunner static constructor.
RoslynAnalysisRunner will not be running.
RoslynAnalysisRunner has terminated.
Mono: successfully reloaded assembly
- Completed reload, in  0.608 seconds
Platform modules already initialized, skipping
Refreshing native plugins compatible for Editor in 0.23 ms, found 0 plugins.
Preloading 0 native plugins for Editor in 0.00 ms.
Unloading 1190 Unused Serialized files (Serialized files now loaded: 0)
System memory in use before: 75.4 MB.
System memory in use after: 75.5 MB.

Unloading 5 unused Assets to reduce memory usage. Loaded Objects now: 1727.
Total: 1.616300 ms (FindLiveObjects: 0.218100 ms CreateObjectMapping: 0.029400 ms MarkObjects: 1.307600 ms  DeleteObjects: 0.060500 ms)

========================================================================
Received Import Request.
  Time since last request: 504.985249 seconds.
  path: Assets/Prefabs/Buildings/Civilan/Mine.prefab
  artifactKey: Guid(cd64db31cc969f44a92ca43a86f0f202) Importer(815301076,1909f56bfc062723c751e8b465ee728b)
Start importing Assets/Prefabs/Buildings/Civilan/Mine.prefab using Guid(cd64db31cc969f44a92ca43a86f0f202) Importer(815301076,1909f56bfc062723c751e8b465ee728b)  -> (artifact id: '58c175939524af05442e5a85d584dd25') in 0.106713 seconds
  Import took 0.108770 seconds .

========================================================================
Received Import Request.
  Time since last request: 87.814643 seconds.
  path: Assets/Materials/Buildings
  artifactKey: Guid(39a02c796da8ba243afe9b1817118f5a) Importer(815301076,1909f56bfc062723c751e8b465ee728b)
Start importing Assets/Materials/Buildings using Guid(39a02c796da8ba243afe9b1817118f5a) Importer(815301076,1909f56bfc062723c751e8b465ee728b)  -> (artifact id: '5accf22a40fd5764dd38cd94343b3942') in 0.005542 seconds
  Import took 0.007555 seconds .

========================================================================
Received Prepare
Registering precompiled user dll's ...
Registered in 0.000482 seconds.
Begin MonoManager ReloadAssembly
Native extension for WindowsStandalone target not found
Native extension for OSXStandalone target not found
Native extension for WebGL target not found
Refreshing native plugins compatible for Editor in 0.30 ms, found 0 plugins.
Preloading 0 native plugins for Editor in 0.00 ms.
Invoked RoslynAnalysisRunner static constructor.
RoslynAnalysisRunner will not be running.
RoslynAnalysisRunner has terminated.
Mono: successfully reloaded assembly
- Completed reload, in  0.613 seconds
Platform modules already initialized, skipping
Refreshing native plugins compatible for Editor in 0.23 ms, found 0 plugins.
Preloading 0 native plugins for Editor in 0.00 ms.
Unloading 1190 Unused Serialized files (Serialized files now loaded: 0)
System memory in use before: 75.4 MB.
System memory in use after: 75.5 MB.

Unloading 5 unused Assets to reduce memory usage. Loaded Objects now: 1731.
Total: 1.500500 ms (FindLiveObjects: 0.146300 ms CreateObjectMapping: 0.024400 ms MarkObjects: 1.272300 ms  DeleteObjects: 0.056800 ms)

========================================================================
Received Import Request.
  Time since last request: 90.830941 seconds.
  path: Assets/Prefabs/Buildings/Civilan/Cutter.prefab
  artifactKey: Guid(4ab5f81bd56b44848a4d398307aa7532) Importer(815301076,1909f56bfc062723c751e8b465ee728b)
Start importing Assets/Prefabs/Buildings/Civilan/Cutter.prefab using Guid(4ab5f81bd56b44848a4d398307aa7532) Importer(815301076,1909f56bfc062723c751e8b465ee728b)  -> (artifact id: 'b1d91d38e7182d7000db69f7bb35f7fa') in 0.049081 seconds
  Import took 0.051110 seconds .

========================================================================
Received Import Request.
  Time since last request: 73.805047 seconds.
  path: Assets/Script/Debug SimpleAnimator.cs
  artifactKey: Guid(71d2b339acb22e4459044b6d334e23aa) Importer(815301076,1909f56bfc062723c751e8b465ee728b)
Start importing Assets/Script/Debug SimpleAnimator.cs using Guid(71d2b339acb22e4459044b6d334e23aa) Importer(815301076,1909f56bfc062723c751e8b465ee728b)  -> (artifact id: '7ace94d09a326d954d801dbba062d2d4') in 0.005041 seconds
  Import took 0.007009 seconds .

========================================================================
Received Import Request.
  Time since last request: 3.808720 seconds.
  path: Assets/Script/DebugSimpleAnimator.cs
  artifactKey: Guid(71d2b339acb22e4459044b6d334e23aa) Importer(815301076,1909f56bfc062723c751e8b465ee728b)
Start importing Assets/Script/DebugSimpleAnimator.cs using Guid(71d2b339acb22e4459044b6d334e23aa) Importer(815301076,1909f56bfc062723c751e8b465ee728b)  -> (artifact id: '00959a3ac76b213b99c32c31d85a816a') in 0.005205 seconds
  Import took 0.007223 seconds .

========================================================================
Received Prepare
Registering precompiled user dll's ...
Registered in 0.000544 seconds.
Begin MonoManager ReloadAssembly
Native extension for WindowsStandalone target not found
Native extension for OSXStandalone target not found
Native extension for WebGL target not found
Refreshing native plugins compatible for Editor in 0.29 ms, found 0 plugins.
Preloading 0 native plugins for Editor in 0.00 ms.
Invoked RoslynAnalysisRunner static constructor.
RoslynAnalysisRunner will not be running.
RoslynAnalysisRunner has terminated.
Mono: successfully reloaded assembly
- Completed reload, in  0.644 seconds
Platform modules already initialized, skipping
Refreshing native plugins compatible for Editor in 0.25 ms, found 0 plugins.
Preloading 0 native plugins for Editor in 0.00 ms.
Unloading 1190 Unused Serialized files (Serialized files now loaded: 0)
System memory in use before: 75.5 MB.
System memory in use after: 75.6 MB.

Unloading 6 unused Assets to reduce memory usage. Loaded Objects now: 1734.
Total: 1.569300 ms (FindLiveObjects: 0.169000 ms CreateObjectMapping: 0.025100 ms MarkObjects: 1.304600 ms  DeleteObjects: 0.069200 ms)

========================================================================
Received Prepare
Registering precompiled user dll's ...
Registered in 0.000528 seconds.
Begin MonoManager ReloadAssembly
Native extension for WindowsStandalone target not found
Native extension for OSXStandalone target not found
Native extension for WebGL target not found
Refreshing native plugins compatible for Editor in 0.23 ms, found 0 plugins.
Preloading 0 native plugins for Editor in 0.00 ms.
Invoked RoslynAnalysisRunner static constructor.
RoslynAnalysisRunner will not be running.
RoslynAnalysisRunner has terminated.
Mono: successfully reloaded assembly
- Completed reload, in  0.607 seconds
Platform modules already initialized, skipping
Refreshing native plugins compatible for Editor in 0.23 ms, found 0 plugins.
Preloading 0 native plugins for Editor in 0.00 ms.
Unloading 1190 Unused Serialized files (Serialized files now loaded: 0)
System memory in use before: 75.5 MB.
System memory in use after: 75.6 MB.

Unloading 5 unused Assets to reduce memory usage. Loaded Objects now: 1736.
Total: 1.518200 ms (FindLiveObjects: 0.181200 ms CreateObjectMapping: 0.028600 ms MarkObjects: 1.248800 ms  DeleteObjects: 0.058600 ms)

========================================================================
Received Import Request.
  Time since last request: 18.953317 seconds.
  path: Assets/Script/DebugSimpleAnimator.cs
  artifactKey: Guid(71d2b339acb22e4459044b6d334e23aa) Importer(815301076,1909f56bfc062723c751e8b465ee728b)
Start importing Assets/Script/DebugSimpleAnimator.cs using Guid(71d2b339acb22e4459044b6d334e23aa) Importer(815301076,1909f56bfc062723c751e8b465ee728b)  -> (artifact id: 'a655f70f546e79adc7ab1122c023c9f9') in 0.003485 seconds
  Import took 0.005337 seconds .

========================================================================
Received Import Request.
  Time since last request: 20.782179 seconds.
  path: Assets/Materials/Buildings/NewBehaviourScript.cs
  artifactKey: Guid(33aeecab534744e409b783b8c02a2222) Importer(815301076,1909f56bfc062723c751e8b465ee728b)
Start importing Assets/Materials/Buildings/NewBehaviourScript.cs using Guid(33aeecab534744e409b783b8c02a2222) Importer(815301076,1909f56bfc062723c751e8b465ee728b)  -> (artifact id: '7a6daec66c258c8a16ec684229da7a40') in 0.005340 seconds
  Import took 0.007184 seconds .

========================================================================
Received Prepare
Registering precompiled user dll's ...
Registered in 0.000596 seconds.
Begin MonoManager ReloadAssembly
Native extension for WindowsStandalone target not found
Native extension for OSXStandalone target not found
Native extension for WebGL target not found
Refreshing native plugins compatible for Editor in 0.24 ms, found 0 plugins.
Preloading 0 native plugins for Editor in 0.00 ms.
Invoked RoslynAnalysisRunner static constructor.
RoslynAnalysisRunner will not be running.
RoslynAnalysisRunner has terminated.
Mono: successfully reloaded assembly
- Completed reload, in  0.630 seconds
Platform modules already initialized, skipping
Refreshing native plugins compatible for Editor in 0.24 ms, found 0 plugins.
Preloading 0 native plugins for Editor in 0.00 ms.
Unloading 1190 Unused Serialized files (Serialized files now loaded: 0)
System memory in use before: 75.5 MB.
System memory in use after: 75.6 MB.

Unloading 5 unused Assets to reduce memory usage. Loaded Objects now: 1738.
Total: 1.558300 ms (FindLiveObjects: 0.167800 ms CreateObjectMapping: 0.028500 ms MarkObjects: 1.297300 ms  DeleteObjects: 0.063900 ms)

========================================================================
Received Import Request.
  Time since last request: 48.309850 seconds.
  path: Assets/Prefabs/Buildings/Base.prefab
  artifactKey: Guid(3bff59876802e314d9da3e6f2de9e223) Importer(815301076,1909f56bfc062723c751e8b465ee728b)
Start importing Assets/Prefabs/Buildings/Base.prefab using Guid(3bff59876802e314d9da3e6f2de9e223) Importer(815301076,1909f56bfc062723c751e8b465ee728b)  -> (artifact id: '551d4fe61f5aa80f6a1391a8044af320') in 0.125234 seconds
  Import took 0.127303 seconds .

========================================================================
Received Import Request.
  Time since last request: 16.300748 seconds.
  path: Assets/Prefabs/Buildings/Main
  artifactKey: Guid(626de0ff5f9e8da4bb1c27264097bd44) Importer(815301076,1909f56bfc062723c751e8b465ee728b)
Start importing Assets/Prefabs/Buildings/Main using Guid(626de0ff5f9e8da4bb1c27264097bd44) Importer(815301076,1909f56bfc062723c751e8b465ee728b)  -> (artifact id: '8603e0d3a6d43a0c53a005d62aa430f4') in 0.005746 seconds
  Import took 0.007675 seconds .

========================================================================
Received Import Request.
  Time since last request: 3.492829 seconds.
  path: Assets/Prefabs/Buildings/Player
  artifactKey: Guid(626de0ff5f9e8da4bb1c27264097bd44) Importer(815301076,1909f56bfc062723c751e8b465ee728b)
Start importing Assets/Prefabs/Buildings/Player using Guid(626de0ff5f9e8da4bb1c27264097bd44) Importer(815301076,1909f56bfc062723c751e8b465ee728b)  -> (artifact id: '1dc7706ed07c588accb01223cdd09d64') in 0.006128 seconds
  Import took 0.008402 seconds .

========================================================================
Received Prepare
Registering precompiled user dll's ...
Registered in 0.000568 seconds.
Begin MonoManager ReloadAssembly
Native extension for WindowsStandalone target not found
Native extension for OSXStandalone target not found
Native extension for WebGL target not found
Refreshing native plugins compatible for Editor in 0.23 ms, found 0 plugins.
Preloading 0 native plugins for Editor in 0.00 ms.
Invoked RoslynAnalysisRunner static constructor.
RoslynAnalysisRunner will not be running.
RoslynAnalysisRunner has terminated.
Mono: successfully reloaded assembly
- Completed reload, in  0.621 seconds
Platform modules already initialized, skipping
Refreshing native plugins compatible for Editor in 0.23 ms, found 0 plugins.
Preloading 0 native plugins for Editor in 0.00 ms.
Unloading 1190 Unused Serialized files (Serialized files now loaded: 0)
System memory in use before: 75.5 MB.
System memory in use after: 75.6 MB.

Unloading 5 unused Assets to reduce memory usage. Loaded Objects now: 1741.
Total: 1.547600 ms (FindLiveObjects: 0.160700 ms CreateObjectMapping: 0.024300 ms MarkObjects: 1.299000 ms  DeleteObjects: 0.062900 ms)

========================================================================
Received Prepare
Registering precompiled user dll's ...
Registered in 0.000812 seconds.
Begin MonoManager ReloadAssembly
Native extension for WindowsStandalone target not found
Native extension for OSXStandalone target not found
Native extension for WebGL target not found
Refreshing native plugins compatible for Editor in 0.23 ms, found 0 plugins.
Preloading 0 native plugins for Editor in 0.00 ms.
Invoked RoslynAnalysisRunner static constructor.
RoslynAnalysisRunner will not be running.
RoslynAnalysisRunner has terminated.
Mono: successfully reloaded assembly
- Completed reload, in  0.598 seconds
Platform modules already initialized, skipping
Refreshing native plugins compatible for Editor in 0.23 ms, found 0 plugins.
Preloading 0 native plugins for Editor in 0.00 ms.
Unloading 1190 Unused Serialized files (Serialized files now loaded: 0)
System memory in use before: 75.6 MB.
System memory in use after: 75.6 MB.

Unloading 5 unused Assets to reduce memory usage. Loaded Objects now: 1743.
Total: 1.524100 ms (FindLiveObjects: 0.171700 ms CreateObjectMapping: 0.025200 ms MarkObjects: 1.264900 ms  DeleteObjects: 0.061700 ms)

========================================================================
Received Import Request.
  Time since last request: 299.455064 seconds.
  path: Assets/Prefabs/Camera Rig.prefab
  artifactKey: Guid(ffcda6e850d6c5542af224c6c3bc7a82) Importer(815301076,1909f56bfc062723c751e8b465ee728b)
Start importing Assets/Prefabs/Camera Rig.prefab using Guid(ffcda6e850d6c5542af224c6c3bc7a82) Importer(815301076,1909f56bfc062723c751e8b465ee728b)  -> (artifact id: 'c07c46c6d401a78dc8b18b2a2085aa1a') in 0.052171 seconds
  Import took 0.054447 seconds .

========================================================================
Received Import Request.
  Time since last request: 91.772885 seconds.
  path: Assets/Materials/Units
  artifactKey: Guid(7cb6015a197b1064fbca60a0ab00968d) Importer(815301076,1909f56bfc062723c751e8b465ee728b)
Start importing Assets/Materials/Units using Guid(7cb6015a197b1064fbca60a0ab00968d) Importer(815301076,1909f56bfc062723c751e8b465ee728b)  -> (artifact id: '86e2fed37ea9c82fee6c10d7715e52df') in 0.005155 seconds
  Import took 0.007122 seconds .

========================================================================
Received Import Request.
  Time since last request: 86.360548 seconds.
  path: Assets/Prefabs/Units/King Unit.prefab
  artifactKey: Guid(eeecf828e3a831a4f979f83e11cb2e16) Importer(815301076,1909f56bfc062723c751e8b465ee728b)
Start importing Assets/Prefabs/Units/King Unit.prefab using Guid(eeecf828e3a831a4f979f83e11cb2e16) Importer(815301076,1909f56bfc062723c751e8b465ee728b)  -> (artifact id: '8edf0aaee6b8cefeca5afb908b095e72') in 0.016410 seconds
  Import took 0.018466 seconds .

========================================================================
Received Prepare
Registering precompiled user dll's ...
Registered in 0.000532 seconds.
Begin MonoManager ReloadAssembly
Native extension for WindowsStandalone target not found
Native extension for OSXStandalone target not found
Native extension for WebGL target not found
Refreshing native plugins compatible for Editor in 0.23 ms, found 0 plugins.
Preloading 0 native plugins for Editor in 0.00 ms.
Invoked RoslynAnalysisRunner static constructor.
RoslynAnalysisRunner will not be running.
RoslynAnalysisRunner has terminated.
Mono: successfully reloaded assembly
- Completed reload, in  0.614 seconds
Platform modules already initialized, skipping
Refreshing native plugins compatible for Editor in 0.24 ms, found 0 plugins.
Preloading 0 native plugins for Editor in 0.00 ms.
Unloading 1191 Unused Serialized files (Serialized files now loaded: 0)
System memory in use before: 75.6 MB.
System memory in use after: 75.7 MB.

Unloading 5 unused Assets to reduce memory usage. Loaded Objects now: 1749.
Total: 1.652000 ms (FindLiveObjects: 0.163500 ms CreateObjectMapping: 0.026000 ms MarkObjects: 1.401100 ms  DeleteObjects: 0.060300 ms)

========================================================================
Received Prepare
Registering precompiled user dll's ...
Registered in 0.000550 seconds.
Begin MonoManager ReloadAssembly
Native extension for WindowsStandalone target not found
Native extension for OSXStandalone target not found
Native extension for WebGL target not found
Refreshing native plugins compatible for Editor in 0.24 ms, found 0 plugins.
Preloading 0 native plugins for Editor in 0.00 ms.
Invoked RoslynAnalysisRunner static constructor.
RoslynAnalysisRunner will not be running.
RoslynAnalysisRunner has terminated.
Mono: successfully reloaded assembly
- Completed reload, in  0.611 seconds
Platform modules already initialized, skipping
Refreshing native plugins compatible for Editor in 0.23 ms, found 0 plugins.
Preloading 0 native plugins for Editor in 0.00 ms.
Unloading 1191 Unused Serialized files (Serialized files now loaded: 0)
System memory in use before: 75.7 MB.
System memory in use after: 75.7 MB.

Unloading 5 unused Assets to reduce memory usage. Loaded Objects now: 1751.
Total: 1.548600 ms (FindLiveObjects: 0.187100 ms CreateObjectMapping: 0.030000 ms MarkObjects: 1.267000 ms  DeleteObjects: 0.063500 ms)

========================================================================
Received Prepare
Registering precompiled user dll's ...
Registered in 0.000589 seconds.
Begin MonoManager ReloadAssembly
Native extension for WindowsStandalone target not found
Native extension for OSXStandalone target not found
Native extension for WebGL target not found
Refreshing native plugins compatible for Editor in 0.26 ms, found 0 plugins.
Preloading 0 native plugins for Editor in 0.00 ms.
Invoked RoslynAnalysisRunner static constructor.
RoslynAnalysisRunner will not be running.
RoslynAnalysisRunner has terminated.
Mono: successfully reloaded assembly
- Completed reload, in  0.601 seconds
Platform modules already initialized, skipping
Refreshing native plugins compatible for Editor in 0.25 ms, found 0 plugins.
Preloading 0 native plugins for Editor in 0.00 ms.
Unloading 1191 Unused Serialized files (Serialized files now loaded: 0)
System memory in use before: 75.7 MB.
System memory in use after: 75.7 MB.

Unloading 5 unused Assets to reduce memory usage. Loaded Objects now: 1753.
Total: 1.554100 ms (FindLiveObjects: 0.165200 ms CreateObjectMapping: 0.024600 ms MarkObjects: 1.299400 ms  DeleteObjects: 0.064400 ms)

========================================================================
Received Prepare
Registering precompiled user dll's ...
Registered in 0.000635 seconds.
Begin MonoManager ReloadAssembly
Native extension for WindowsStandalone target not found
Native extension for OSXStandalone target not found
Native extension for WebGL target not found
Refreshing native plugins compatible for Editor in 0.24 ms, found 0 plugins.
Preloading 0 native plugins for Editor in 0.00 ms.
Invoked RoslynAnalysisRunner static constructor.
RoslynAnalysisRunner will not be running.
RoslynAnalysisRunner has terminated.
Mono: successfully reloaded assembly
- Completed reload, in  0.598 seconds
Platform modules already initialized, skipping
Refreshing native plugins compatible for Editor in 0.23 ms, found 0 plugins.
Preloading 0 native plugins for Editor in 0.00 ms.
Unloading 1191 Unused Serialized files (Serialized files now loaded: 0)
System memory in use before: 75.7 MB.
System memory in use after: 75.7 MB.

Unloading 5 unused Assets to reduce memory usage. Loaded Objects now: 1755.
Total: 1.574900 ms (FindLiveObjects: 0.159400 ms CreateObjectMapping: 0.025700 ms MarkObjects: 1.329600 ms  DeleteObjects: 0.059500 ms)

========================================================================
Received Prepare
Registering precompiled user dll's ...
Registered in 0.000683 seconds.
Begin MonoManager ReloadAssembly
Native extension for WindowsStandalone target not found
Native extension for OSXStandalone target not found
Native extension for WebGL target not found
Refreshing native plugins compatible for Editor in 0.25 ms, found 0 plugins.
Preloading 0 native plugins for Editor in 0.00 ms.
Invoked RoslynAnalysisRunner static constructor.
RoslynAnalysisRunner will not be running.
RoslynAnalysisRunner has terminated.
Mono: successfully reloaded assembly
- Completed reload, in  0.624 seconds
Platform modules already initialized, skipping
Refreshing native plugins compatible for Editor in 0.24 ms, found 0 plugins.
Preloading 0 native plugins for Editor in 0.00 ms.
Unloading 1191 Unused Serialized files (Serialized files now loaded: 0)
System memory in use before: 75.7 MB.
System memory in use after: 75.7 MB.

Unloading 5 unused Assets to reduce memory usage. Loaded Objects now: 1757.
Total: 1.533600 ms (FindLiveObjects: 0.171200 ms CreateObjectMapping: 0.026200 ms MarkObjects: 1.272200 ms  DeleteObjects: 0.063000 ms)

========================================================================
Received Import Request.
  Time since last request: 510.004512 seconds.
  path: Assets/Prefabs/Buildings/Player/Base.prefab
  artifactKey: Guid(3bff59876802e314d9da3e6f2de9e223) Importer(815301076,1909f56bfc062723c751e8b465ee728b)
Start importing Assets/Prefabs/Buildings/Player/Base.prefab using Guid(3bff59876802e314d9da3e6f2de9e223) Importer(815301076,1909f56bfc062723c751e8b465ee728b)  -> (artifact id: '5949ae740d954c0cb90a9ebecd031be7') in 0.052918 seconds
  Import took 0.055182 seconds .

========================================================================
Received Import Request.
  Time since last request: 0.000182 seconds.
  path: Assets/M_Materials/M_Buildings/Base.mat
  artifactKey: Guid(69b8e87eefe7bff4db6358b24af3d350) Importer(815301076,1909f56bfc062723c751e8b465ee728b)
Start importing Assets/M_Materials/M_Buildings/Base.mat using Guid(69b8e87eefe7bff4db6358b24af3d350) Importer(815301076,1909f56bfc062723c751e8b465ee728b)  -> (artifact id: 'dd0102629db0f6f8f48f2853de28d7f4') in 0.019603 seconds
  Import took 0.021395 seconds .

========================================================================
Received Prepare
Registering precompiled user dll's ...
Registered in 0.000643 seconds.
Begin MonoManager ReloadAssembly
Native extension for WindowsStandalone target not found
Native extension for OSXStandalone target not found
Native extension for WebGL target not found
Refreshing native plugins compatible for Editor in 0.23 ms, found 0 plugins.
Preloading 0 native plugins for Editor in 0.00 ms.
Invoked RoslynAnalysisRunner static constructor.
RoslynAnalysisRunner will not be running.
RoslynAnalysisRunner has terminated.
Mono: successfully reloaded assembly
- Completed reload, in  0.643 seconds
Platform modules already initialized, skipping
Refreshing native plugins compatible for Editor in 0.23 ms, found 0 plugins.
Preloading 0 native plugins for Editor in 0.00 ms.
Unloading 1191 Unused Serialized files (Serialized files now loaded: 0)
System memory in use before: 75.7 MB.
System memory in use after: 75.8 MB.

Unloading 5 unused Assets to reduce memory usage. Loaded Objects now: 1760.
Total: 1.453000 ms (FindLiveObjects: 0.164800 ms CreateObjectMapping: 0.028400 ms MarkObjects: 1.208000 ms  DeleteObjects: 0.051000 ms)

========================================================================
Received Prepare
Registering precompiled user dll's ...
Registered in 0.000592 seconds.
Begin MonoManager ReloadAssembly
Native extension for WindowsStandalone target not found
Native extension for OSXStandalone target not found
Native extension for WebGL target not found
Refreshing native plugins compatible for Editor in 0.23 ms, found 0 plugins.
Preloading 0 native plugins for Editor in 0.00 ms.
Invoked RoslynAnalysisRunner static constructor.
RoslynAnalysisRunner will not be running.
RoslynAnalysisRunner has terminated.
Mono: successfully reloaded assembly
- Completed reload, in  0.601 seconds
Platform modules already initialized, skipping
Refreshing native plugins compatible for Editor in 0.23 ms, found 0 plugins.
Preloading 0 native plugins for Editor in 0.00 ms.
Unloading 1191 Unused Serialized files (Serialized files now loaded: 0)
System memory in use before: 75.7 MB.
System memory in use after: 75.8 MB.

Unloading 5 unused Assets to reduce memory usage. Loaded Objects now: 1762.
Total: 1.524600 ms (FindLiveObjects: 0.160200 ms CreateObjectMapping: 0.026400 ms MarkObjects: 1.274500 ms  DeleteObjects: 0.062600 ms)

AssetImportWorkerClient::OnTransportError - code=2 error=End of file
