Using pre-set license
Built from '2020.2/staging' branch; Version is '2020.2.5f1 (e2c53f129de5) revision 14861631'; Using compiler version '192528614'; Build Type 'Release'
OS: 'Windows 10 Pro; OS build 19041.985; Version 2004; 64bit' Language: 'en' Physical Memory: 16334 MB
BatchMode: 1, IsHumanControllingUs: 0, StartBugReporterOnCrash: 0, Is64bit: 1, IsPro: 0

 COMMAND LINE ARGUMENTS:
C:\Users\Sten\3D Objects\Unity projects\2020.2.5f1\Editor\Unity.exe
-adb2
-batchMode
-noUpm
-name
AssetImportWorker0
-projectPath
C:/Users/Sten/Documents/GitHub/Moonlight
-logFile
Logs/AssetImportWorker0.log
-srvPort
54597
Successfully changed project path to: C:/Users/Sten/Documents/GitHub/Moonlight
C:/Users/Sten/Documents/GitHub/Moonlight
Using Asset Import Pipeline V2.
Refreshing native plugins compatible for Editor in 21.48 ms, found 0 plugins.
Preloading 0 native plugins for Editor in 0.00 ms.
Initialize engine version: 2020.2.5f1 (e2c53f129de5)
[Subsystems] Discovering subsystems at path C:/Users/Sten/3D Objects/Unity projects/2020.2.5f1/Editor/Data/Resources/UnitySubsystems
[Subsystems] Discovering subsystems at path C:/Users/Sten/Documents/GitHub/Moonlight/Assets
GfxDevice: creating device client; threaded=0
Direct3D:
    Version:  Direct3D 11.0 [level 11.1]
    Renderer: NVIDIA GeForce GTX 970 (ID=0x13c2)
    Vendor:   
    VRAM:     4043 MB
    Driver:   30.0.14.7168
Initialize mono
Mono path[0] = 'C:/Users/Sten/3D Objects/Unity projects/2020.2.5f1/Editor/Data/Managed'
Mono path[1] = 'C:/Users/Sten/3D Objects/Unity projects/2020.2.5f1/Editor/Data/MonoBleedingEdge/lib/mono/unityjit'
Mono config path = 'C:/Users/Sten/3D Objects/Unity projects/2020.2.5f1/Editor/Data/MonoBleedingEdge/etc'
Using monoOptions --debugger-agent=transport=dt_socket,embedding=1,server=y,suspend=n,address=127.0.0.1:56436
Begin MonoManager ReloadAssembly
Registering precompiled unity dll's ...
Register platform support module: C:/Users/Sten/3D Objects/Unity projects/2020.2.5f1/Editor/Data/PlaybackEngines/WebGLSupport/UnityEditor.WebGL.Extensions.dll
Register platform support module: C:/Users/Sten/3D Objects/Unity projects/2020.2.5f1/Editor/Data/PlaybackEngines/MacStandaloneSupport/UnityEditor.OSXStandalone.Extensions.dll
Register platform support module: C:/Users/Sten/3D Objects/Unity projects/2020.2.5f1/Editor/Data/PlaybackEngines/WindowsStandaloneSupport/UnityEditor.WindowsStandalone.Extensions.dll
Registered in 0.002338 seconds.
Native extension for WindowsStandalone target not found
Native extension for OSXStandalone target not found
Native extension for WebGL target not found
Refreshing native plugins compatible for Editor in 24.49 ms, found 0 plugins.
Preloading 0 native plugins for Editor in 0.00 ms.
Invoked RoslynAnalysisRunner static constructor.
RoslynAnalysisRunner will not be running.
RoslynAnalysisRunner has terminated.
Mono: successfully reloaded assembly
- Completed reload, in  1.621 seconds
Platform modules already initialized, skipping
Registering precompiled user dll's ...
Registered in 0.000648 seconds.
Begin MonoManager ReloadAssembly
Native extension for WindowsStandalone target not found
Native extension for OSXStandalone target not found
Native extension for WebGL target not found
Refreshing native plugins compatible for Editor in 0.27 ms, found 0 plugins.
Preloading 0 native plugins for Editor in 0.00 ms.
Invoked RoslynAnalysisRunner static constructor.
RoslynAnalysisRunner will not be running.
RoslynAnalysisRunner has terminated.
Mono: successfully reloaded assembly
- Completed reload, in  0.687 seconds
Platform modules already initialized, skipping
========================================================================
Worker process is ready to serve import requests
Launched and connected shader compiler UnityShaderCompiler.exe after 0.04 seconds
Refreshing native plugins compatible for Editor in 0.27 ms, found 0 plugins.
Preloading 0 native plugins for Editor in 0.00 ms.
Unloading 1210 Unused Serialized files (Serialized files now loaded: 0)
System memory in use before: 73.1 MB.
System memory in use after: 73.1 MB.

Unloading 10 unused Assets to reduce memory usage. Loaded Objects now: 1666.
Total: 1.982400 ms (FindLiveObjects: 0.494000 ms CreateObjectMapping: 0.081200 ms MarkObjects: 1.319200 ms  DeleteObjects: 0.086600 ms)

========================================================================
Received Import Request.
  path: Assets/Script/Unit Scripts/UnitSelections.cs
  artifactKey: Guid(4d566975300f55a4789f5e05454e61c5) Importer(815301076,1909f56bfc062723c751e8b465ee728b)
Start importing Assets/Script/Unit Scripts/UnitSelections.cs using Guid(4d566975300f55a4789f5e05454e61c5) Importer(815301076,1909f56bfc062723c751e8b465ee728b)  -> (artifact id: 'c363cba855d39a2a2e951e8d45187d52') in 0.028551 seconds
  Import took 0.030854 seconds .

========================================================================
Received Import Request.
  Time since last request: 19.659785 seconds.
  path: Assets/Script/Unit Scripts/UnitSelections.cs
  artifactKey: Guid(4d566975300f55a4789f5e05454e61c5) Importer(815301076,1909f56bfc062723c751e8b465ee728b)
Start importing Assets/Script/Unit Scripts/UnitSelections.cs using Guid(4d566975300f55a4789f5e05454e61c5) Importer(815301076,1909f56bfc062723c751e8b465ee728b)  -> (artifact id: '7606f6ab50841e86379bacbd60ac9dbd') in 0.002829 seconds
  Import took 0.004800 seconds .

========================================================================
Received Prepare
Registering precompiled user dll's ...
Registered in 0.000486 seconds.
Begin MonoManager ReloadAssembly
Native extension for WindowsStandalone target not found
Native extension for OSXStandalone target not found
Native extension for WebGL target not found
Refreshing native plugins compatible for Editor in 0.26 ms, found 0 plugins.
Preloading 0 native plugins for Editor in 0.00 ms.
Invoked RoslynAnalysisRunner static constructor.
RoslynAnalysisRunner will not be running.
RoslynAnalysisRunner has terminated.
Mono: successfully reloaded assembly
- Completed reload, in  0.608 seconds
Platform modules already initialized, skipping
Refreshing native plugins compatible for Editor in 0.23 ms, found 0 plugins.
Preloading 0 native plugins for Editor in 0.00 ms.
Unloading 1190 Unused Serialized files (Serialized files now loaded: 0)
System memory in use before: 71.8 MB.
System memory in use after: 71.9 MB.

Unloading 5 unused Assets to reduce memory usage. Loaded Objects now: 1668.
Total: 1.662600 ms (FindLiveObjects: 0.144200 ms CreateObjectMapping: 0.025600 ms MarkObjects: 1.440500 ms  DeleteObjects: 0.051500 ms)

========================================================================
Received Prepare
Registering precompiled user dll's ...
Registered in 0.000599 seconds.
Begin MonoManager ReloadAssembly
Native extension for WindowsStandalone target not found
Native extension for OSXStandalone target not found
Native extension for WebGL target not found
Refreshing native plugins compatible for Editor in 0.23 ms, found 0 plugins.
Preloading 0 native plugins for Editor in 0.00 ms.
Invoked RoslynAnalysisRunner static constructor.
RoslynAnalysisRunner will not be running.
RoslynAnalysisRunner has terminated.
Mono: successfully reloaded assembly
- Completed reload, in  0.622 seconds
Platform modules already initialized, skipping
Refreshing native plugins compatible for Editor in 0.22 ms, found 0 plugins.
Preloading 0 native plugins for Editor in 0.00 ms.
Unloading 1190 Unused Serialized files (Serialized files now loaded: 0)
System memory in use before: 71.9 MB.
System memory in use after: 71.9 MB.

Unloading 5 unused Assets to reduce memory usage. Loaded Objects now: 1670.
Total: 1.621000 ms (FindLiveObjects: 0.141800 ms CreateObjectMapping: 0.024500 ms MarkObjects: 1.392300 ms  DeleteObjects: 0.061300 ms)

========================================================================
Received Prepare
Registering precompiled user dll's ...
Registered in 0.000587 seconds.
Begin MonoManager ReloadAssembly
Native extension for WindowsStandalone target not found
Native extension for OSXStandalone target not found
Native extension for WebGL target not found
Refreshing native plugins compatible for Editor in 0.23 ms, found 0 plugins.
Preloading 0 native plugins for Editor in 0.00 ms.
Invoked RoslynAnalysisRunner static constructor.
RoslynAnalysisRunner will not be running.
RoslynAnalysisRunner has terminated.
Mono: successfully reloaded assembly
- Completed reload, in  0.607 seconds
Platform modules already initialized, skipping
Refreshing native plugins compatible for Editor in 0.23 ms, found 0 plugins.
Preloading 0 native plugins for Editor in 0.00 ms.
Unloading 1190 Unused Serialized files (Serialized files now loaded: 0)
System memory in use before: 71.9 MB.
System memory in use after: 72.0 MB.

Unloading 5 unused Assets to reduce memory usage. Loaded Objects now: 1672.
Total: 2.281600 ms (FindLiveObjects: 0.132100 ms CreateObjectMapping: 0.031000 ms MarkObjects: 2.057200 ms  DeleteObjects: 0.060400 ms)

========================================================================
Received Import Request.
  Time since last request: 99.334709 seconds.
  path: Assets/Script/Unit Scripts/UnitSelections.cs
  artifactKey: Guid(4d566975300f55a4789f5e05454e61c5) Importer(815301076,1909f56bfc062723c751e8b465ee728b)
Start importing Assets/Script/Unit Scripts/UnitSelections.cs using Guid(4d566975300f55a4789f5e05454e61c5) Importer(815301076,1909f56bfc062723c751e8b465ee728b)  -> (artifact id: 'fa8786c752ffffb77711fc8606885354') in 0.003697 seconds
  Import took 0.005446 seconds .

========================================================================
Received Prepare
Registering precompiled user dll's ...
Registered in 0.000579 seconds.
Begin MonoManager ReloadAssembly
Native extension for WindowsStandalone target not found
Native extension for OSXStandalone target not found
Native extension for WebGL target not found
Refreshing native plugins compatible for Editor in 0.23 ms, found 0 plugins.
Preloading 0 native plugins for Editor in 0.00 ms.
Invoked RoslynAnalysisRunner static constructor.
RoslynAnalysisRunner will not be running.
RoslynAnalysisRunner has terminated.
Mono: successfully reloaded assembly
- Completed reload, in  0.602 seconds
Platform modules already initialized, skipping
Refreshing native plugins compatible for Editor in 0.22 ms, found 0 plugins.
Preloading 0 native plugins for Editor in 0.00 ms.
Unloading 1190 Unused Serialized files (Serialized files now loaded: 0)
System memory in use before: 71.9 MB.
System memory in use after: 72.0 MB.

Unloading 5 unused Assets to reduce memory usage. Loaded Objects now: 1674.
Total: 1.484700 ms (FindLiveObjects: 0.179400 ms CreateObjectMapping: 0.028600 ms MarkObjects: 1.217500 ms  DeleteObjects: 0.057900 ms)

========================================================================
Received Import Request.
  Time since last request: 28.877567 seconds.
  path: Assets/Script/Unit Scripts/UnitSelections.cs
  artifactKey: Guid(4d566975300f55a4789f5e05454e61c5) Importer(815301076,1909f56bfc062723c751e8b465ee728b)
Start importing Assets/Script/Unit Scripts/UnitSelections.cs using Guid(4d566975300f55a4789f5e05454e61c5) Importer(815301076,1909f56bfc062723c751e8b465ee728b)  -> (artifact id: 'c1d826a0c1951e38b7289b1948e0f047') in 0.004093 seconds
  Import took 0.005871 seconds .

========================================================================
Received Import Request.
  Time since last request: 5.004524 seconds.
  path: Assets/Script/Unit Scripts/UnitClick.cs
  artifactKey: Guid(413b99ad0c93be34b901745628a595cb) Importer(815301076,1909f56bfc062723c751e8b465ee728b)
Start importing Assets/Script/Unit Scripts/UnitClick.cs using Guid(413b99ad0c93be34b901745628a595cb) Importer(815301076,1909f56bfc062723c751e8b465ee728b)  -> (artifact id: 'e8b69dd9b37574fe9a79e865771b01d1') in 0.011926 seconds
  Import took 0.013732 seconds .

========================================================================
Received Import Request.
  Time since last request: 0.536079 seconds.
  path: Assets/Script/Unit Scripts/UnitDrag.cs
  artifactKey: Guid(940b78d98c50aff40a669f3fa24f2d6c) Importer(815301076,1909f56bfc062723c751e8b465ee728b)
Start importing Assets/Script/Unit Scripts/UnitDrag.cs using Guid(940b78d98c50aff40a669f3fa24f2d6c) Importer(815301076,1909f56bfc062723c751e8b465ee728b)  -> (artifact id: '8ae890f799353c5d275cde765c4fd656') in 0.007036 seconds
  Import took 0.008907 seconds .

========================================================================
Received Prepare
Registering precompiled user dll's ...
Registered in 0.000624 seconds.
Begin MonoManager ReloadAssembly
Native extension for WindowsStandalone target not found
Native extension for OSXStandalone target not found
Native extension for WebGL target not found
Refreshing native plugins compatible for Editor in 0.24 ms, found 0 plugins.
Preloading 0 native plugins for Editor in 0.00 ms.
Invoked RoslynAnalysisRunner static constructor.
RoslynAnalysisRunner will not be running.
RoslynAnalysisRunner has terminated.
Mono: successfully reloaded assembly
- Completed reload, in  0.627 seconds
Platform modules already initialized, skipping
Refreshing native plugins compatible for Editor in 0.25 ms, found 0 plugins.
Preloading 0 native plugins for Editor in 0.00 ms.
Unloading 1190 Unused Serialized files (Serialized files now loaded: 0)
System memory in use before: 71.9 MB.
System memory in use after: 72.0 MB.

Unloading 5 unused Assets to reduce memory usage. Loaded Objects now: 1676.
Total: 1.618600 ms (FindLiveObjects: 0.224100 ms CreateObjectMapping: 0.035500 ms MarkObjects: 1.299300 ms  DeleteObjects: 0.058900 ms)

========================================================================
Received Prepare
Registering precompiled user dll's ...
Registered in 0.000560 seconds.
Begin MonoManager ReloadAssembly
Native extension for WindowsStandalone target not found
Native extension for OSXStandalone target not found
Native extension for WebGL target not found
Refreshing native plugins compatible for Editor in 0.23 ms, found 0 plugins.
Preloading 0 native plugins for Editor in 0.00 ms.
Invoked RoslynAnalysisRunner static constructor.
RoslynAnalysisRunner will not be running.
RoslynAnalysisRunner has terminated.
Mono: successfully reloaded assembly
- Completed reload, in  0.612 seconds
Platform modules already initialized, skipping
Refreshing native plugins compatible for Editor in 0.23 ms, found 0 plugins.
Preloading 0 native plugins for Editor in 0.00 ms.
Unloading 1190 Unused Serialized files (Serialized files now loaded: 0)
System memory in use before: 71.9 MB.
System memory in use after: 72.0 MB.

Unloading 5 unused Assets to reduce memory usage. Loaded Objects now: 1678.
Total: 1.433000 ms (FindLiveObjects: 0.144700 ms CreateObjectMapping: 0.025700 ms MarkObjects: 1.211400 ms  DeleteObjects: 0.050400 ms)

========================================================================
Received Import Request.
  Time since last request: 106.736767 seconds.
  path: Assets/Script/Unit Scripts/UnitClick.cs
  artifactKey: Guid(413b99ad0c93be34b901745628a595cb) Importer(815301076,1909f56bfc062723c751e8b465ee728b)
Start importing Assets/Script/Unit Scripts/UnitClick.cs using Guid(413b99ad0c93be34b901745628a595cb) Importer(815301076,1909f56bfc062723c751e8b465ee728b)  -> (artifact id: '21e4cfcd5e30ae355d154f428753bb31') in 0.003979 seconds
  Import took 0.005710 seconds .

========================================================================
Received Prepare
Registering precompiled user dll's ...
Registered in 0.000592 seconds.
Begin MonoManager ReloadAssembly
Native extension for WindowsStandalone target not found
Native extension for OSXStandalone target not found
Native extension for WebGL target not found
Refreshing native plugins compatible for Editor in 0.24 ms, found 0 plugins.
Preloading 0 native plugins for Editor in 0.00 ms.
Invoked RoslynAnalysisRunner static constructor.
RoslynAnalysisRunner will not be running.
RoslynAnalysisRunner has terminated.
Mono: successfully reloaded assembly
- Completed reload, in  0.632 seconds
Platform modules already initialized, skipping
Refreshing native plugins compatible for Editor in 0.25 ms, found 0 plugins.
Preloading 0 native plugins for Editor in 0.00 ms.
Unloading 1190 Unused Serialized files (Serialized files now loaded: 0)
System memory in use before: 71.9 MB.
System memory in use after: 72.0 MB.

Unloading 5 unused Assets to reduce memory usage. Loaded Objects now: 1680.
Total: 1.506400 ms (FindLiveObjects: 0.175300 ms CreateObjectMapping: 0.029400 ms MarkObjects: 1.239900 ms  DeleteObjects: 0.060900 ms)

========================================================================
Received Prepare
Registering precompiled user dll's ...
Registered in 0.000591 seconds.
Begin MonoManager ReloadAssembly
Native extension for WindowsStandalone target not found
Native extension for OSXStandalone target not found
Native extension for WebGL target not found
Refreshing native plugins compatible for Editor in 0.23 ms, found 0 plugins.
Preloading 0 native plugins for Editor in 0.00 ms.
Invoked RoslynAnalysisRunner static constructor.
RoslynAnalysisRunner will not be running.
RoslynAnalysisRunner has terminated.
Mono: successfully reloaded assembly
- Completed reload, in  0.617 seconds
Platform modules already initialized, skipping
Refreshing native plugins compatible for Editor in 0.23 ms, found 0 plugins.
Preloading 0 native plugins for Editor in 0.00 ms.
Unloading 1190 Unused Serialized files (Serialized files now loaded: 0)
System memory in use before: 71.9 MB.
System memory in use after: 72.0 MB.

Unloading 5 unused Assets to reduce memory usage. Loaded Objects now: 1682.
Total: 1.739900 ms (FindLiveObjects: 0.169600 ms CreateObjectMapping: 0.028400 ms MarkObjects: 1.480100 ms  DeleteObjects: 0.060500 ms)

========================================================================
Received Prepare
Registering precompiled user dll's ...
Registered in 0.000601 seconds.
Begin MonoManager ReloadAssembly
Native extension for WindowsStandalone target not found
Native extension for OSXStandalone target not found
Native extension for WebGL target not found
Refreshing native plugins compatible for Editor in 0.25 ms, found 0 plugins.
Preloading 0 native plugins for Editor in 0.00 ms.
Invoked RoslynAnalysisRunner static constructor.
RoslynAnalysisRunner will not be running.
RoslynAnalysisRunner has terminated.
Mono: successfully reloaded assembly
- Completed reload, in  0.601 seconds
Platform modules already initialized, skipping
Refreshing native plugins compatible for Editor in 0.24 ms, found 0 plugins.
Preloading 0 native plugins for Editor in 0.00 ms.
Unloading 1190 Unused Serialized files (Serialized files now loaded: 0)
System memory in use before: 71.9 MB.
System memory in use after: 72.0 MB.

Unloading 5 unused Assets to reduce memory usage. Loaded Objects now: 1684.
Total: 1.432000 ms (FindLiveObjects: 0.158700 ms CreateObjectMapping: 0.030800 ms MarkObjects: 1.182300 ms  DeleteObjects: 0.059300 ms)

